[16-Dec-2023 06:49:06 UTC] PHP Deprecated:  Creation of dynamic property NFD_Plugin_Compat_Check::$incompatible_plugins is deprecated in /home4/cellverse/public_html/wp-content/plugins/mojo-marketplace-wp-plugin/mojo-marketplace.php on line 56
[16-Dec-2023 06:49:06 UTC] PHP Warning:  require_once(/home4/cellverse/public_html//wp-admin/includes/plugin.php): Failed to open stream: No such file or directory in /home4/cellverse/public_html/wp-content/plugins/mojo-marketplace-wp-plugin/inc/plugin-nfd-compat-check.php on line 109
[16-Dec-2023 06:49:06 UTC] PHP Fatal error:  Uncaught Error: Failed opening required '/home4/cellverse/public_html//wp-admin/includes/plugin.php' (include_path='.:/opt/cpanel/ea-php82/root/usr/share/pear') in /home4/cellverse/public_html/wp-content/plugins/mojo-marketplace-wp-plugin/inc/plugin-nfd-compat-check.php:109
Stack trace:
#0 /home4/cellverse/public_html/wp-content/plugins/mojo-marketplace-wp-plugin/inc/plugin-nfd-compat-check.php(82): NFD_Plugin_Compat_Check->check_incompatible_plugins()
#1 /home4/cellverse/public_html/wp-content/plugins/mojo-marketplace-wp-plugin/mojo-marketplace.php(63): NFD_Plugin_Compat_Check->check_plugin_requirements()
#2 /home4/cellverse/public_html/wp-settings.php(473): include_once('/home4/cellvers...')
#3 /home4/cellverse/public_html/wp-config.php(101): require_once('/home4/cellvers...')
#4 /home4/cellverse/public_html/wp-load.php(50): require_once('/home4/cellvers...')
#5 /home4/cellverse/public_html/wp-blog-header.php(13): require_once('/home4/cellvers...')
#6 /home4/cellverse/public_html/index.php(17): require('/home4/cellvers...')
#7 {main}
  thrown in /home4/cellverse/public_html/wp-content/plugins/mojo-marketplace-wp-plugin/inc/plugin-nfd-compat-check.php on line 109
[16-Dec-2023 06:49:06 UTC] PHP Notice:  Function is_embed was called incorrectly. Conditional query tags do not work before the query is run. Before then, they always return false. Please see <a>Debugging in WordPress</a> for more information. (This message was added in version 3.1.0.) in /home4/cellverse/public_html/wp-includes/functions.php on line 6031
[16-Dec-2023 06:49:06 UTC] PHP Notice:  Function is_search was called incorrectly. Conditional query tags do not work before the query is run. Before then, they always return false. Please see <a>Debugging in WordPress</a> for more information. (This message was added in version 3.1.0.) in /home4/cellverse/public_html/wp-includes/functions.php on line 6031
[16-Dec-2023 06:49:06 UTC] PHP Deprecated:  Creation of dynamic property NFD_Plugin_Compat_Check::$incompatible_plugins is deprecated in /home4/cellverse/public_html/wp-content/plugins/mojo-marketplace-wp-plugin/mojo-marketplace.php on line 56
[16-Dec-2023 06:49:06 UTC] PHP Warning:  require_once(/home4/cellverse/public_html//wp-admin/includes/plugin.php): Failed to open stream: No such file or directory in /home4/cellverse/public_html/wp-content/plugins/mojo-marketplace-wp-plugin/inc/plugin-nfd-compat-check.php on line 109
[16-Dec-2023 06:49:06 UTC] PHP Fatal error:  Uncaught Error: Failed opening required '/home4/cellverse/public_html//wp-admin/includes/plugin.php' (include_path='.:/opt/cpanel/ea-php82/root/usr/share/pear') in /home4/cellverse/public_html/wp-content/plugins/mojo-marketplace-wp-plugin/inc/plugin-nfd-compat-check.php:109
Stack trace:
#0 /home4/cellverse/public_html/wp-content/plugins/mojo-marketplace-wp-plugin/inc/plugin-nfd-compat-check.php(82): NFD_Plugin_Compat_Check->check_incompatible_plugins()
#1 /home4/cellverse/public_html/wp-content/plugins/mojo-marketplace-wp-plugin/mojo-marketplace.php(63): NFD_Plugin_Compat_Check->check_plugin_requirements()
#2 /home4/cellverse/public_html/wp-settings.php(473): include_once('/home4/cellvers...')
#3 /home4/cellverse/public_html/wp-config.php(101): require_once('/home4/cellvers...')
#4 /home4/cellverse/public_html/wp-load.php(50): require_once('/home4/cellvers...')
#5 /home4/cellverse/public_html/wp-blog-header.php(13): require_once('/home4/cellvers...')
#6 /home4/cellverse/public_html/index.php(17): require('/home4/cellvers...')
#7 {main}
  thrown in /home4/cellverse/public_html/wp-content/plugins/mojo-marketplace-wp-plugin/inc/plugin-nfd-compat-check.php on line 109
[16-Dec-2023 06:49:06 UTC] PHP Notice:  Function is_embed was called incorrectly. Conditional query tags do not work before the query is run. Before then, they always return false. Please see <a>Debugging in WordPress</a> for more information. (This message was added in version 3.1.0.) in /home4/cellverse/public_html/wp-includes/functions.php on line 6031
[16-Dec-2023 06:49:06 UTC] PHP Notice:  Function is_search was called incorrectly. Conditional query tags do not work before the query is run. Before then, they always return false. Please see <a>Debugging in WordPress</a> for more information. (This message was added in version 3.1.0.) in /home4/cellverse/public_html/wp-includes/functions.php on line 6031
[16-Dec-2023 06:49:27 UTC] PHP Deprecated:  Creation of dynamic property NFD_Plugin_Compat_Check::$incompatible_plugins is deprecated in /home4/cellverse/public_html/wp-content/plugins/mojo-marketplace-wp-plugin/mojo-marketplace.php on line 56
[16-Dec-2023 06:49:27 UTC] PHP Warning:  require_once(/home4/cellverse/public_html//wp-admin/includes/plugin.php): Failed to open stream: No such file or directory in /home4/cellverse/public_html/wp-content/plugins/mojo-marketplace-wp-plugin/inc/plugin-nfd-compat-check.php on line 109
[16-Dec-2023 06:49:27 UTC] PHP Fatal error:  Uncaught Error: Failed opening required '/home4/cellverse/public_html//wp-admin/includes/plugin.php' (include_path='.:/opt/cpanel/ea-php82/root/usr/share/pear') in /home4/cellverse/public_html/wp-content/plugins/mojo-marketplace-wp-plugin/inc/plugin-nfd-compat-check.php:109
Stack trace:
#0 /home4/cellverse/public_html/wp-content/plugins/mojo-marketplace-wp-plugin/inc/plugin-nfd-compat-check.php(82): NFD_Plugin_Compat_Check->check_incompatible_plugins()
#1 /home4/cellverse/public_html/wp-content/plugins/mojo-marketplace-wp-plugin/mojo-marketplace.php(63): NFD_Plugin_Compat_Check->check_plugin_requirements()
#2 /home4/cellverse/public_html/wp-settings.php(473): include_once('/home4/cellvers...')
#3 /home4/cellverse/public_html/wp-config.php(101): require_once('/home4/cellvers...')
#4 /home4/cellverse/public_html/wp-load.php(50): require_once('/home4/cellvers...')
#5 /home4/cellverse/public_html/wp-blog-header.php(13): require_once('/home4/cellvers...')
#6 /home4/cellverse/public_html/index.php(17): require('/home4/cellvers...')
#7 {main}
  thrown in /home4/cellverse/public_html/wp-content/plugins/mojo-marketplace-wp-plugin/inc/plugin-nfd-compat-check.php on line 109
[16-Dec-2023 06:49:27 UTC] PHP Notice:  Function is_embed was called incorrectly. Conditional query tags do not work before the query is run. Before then, they always return false. Please see <a>Debugging in WordPress</a> for more information. (This message was added in version 3.1.0.) in /home4/cellverse/public_html/wp-includes/functions.php on line 6031
[16-Dec-2023 06:49:27 UTC] PHP Notice:  Function is_search was called incorrectly. Conditional query tags do not work before the query is run. Before then, they always return false. Please see <a>Debugging in WordPress</a> for more information. (This message was added in version 3.1.0.) in /home4/cellverse/public_html/wp-includes/functions.php on line 6031
[16-Dec-2023 06:49:27 UTC] PHP Deprecated:  Creation of dynamic property NFD_Plugin_Compat_Check::$incompatible_plugins is deprecated in /home4/cellverse/public_html/wp-content/plugins/mojo-marketplace-wp-plugin/mojo-marketplace.php on line 56
[16-Dec-2023 06:49:27 UTC] PHP Warning:  require_once(/home4/cellverse/public_html//wp-admin/includes/plugin.php): Failed to open stream: No such file or directory in /home4/cellverse/public_html/wp-content/plugins/mojo-marketplace-wp-plugin/inc/plugin-nfd-compat-check.php on line 109
[16-Dec-2023 06:49:27 UTC] PHP Fatal error:  Uncaught Error: Failed opening required '/home4/cellverse/public_html//wp-admin/includes/plugin.php' (include_path='.:/opt/cpanel/ea-php82/root/usr/share/pear') in /home4/cellverse/public_html/wp-content/plugins/mojo-marketplace-wp-plugin/inc/plugin-nfd-compat-check.php:109
Stack trace:
#0 /home4/cellverse/public_html/wp-content/plugins/mojo-marketplace-wp-plugin/inc/plugin-nfd-compat-check.php(82): NFD_Plugin_Compat_Check->check_incompatible_plugins()
#1 /home4/cellverse/public_html/wp-content/plugins/mojo-marketplace-wp-plugin/mojo-marketplace.php(63): NFD_Plugin_Compat_Check->check_plugin_requirements()
#2 /home4/cellverse/public_html/wp-settings.php(473): include_once('/home4/cellvers...')
#3 /home4/cellverse/public_html/wp-config.php(101): require_once('/home4/cellvers...')
#4 /home4/cellverse/public_html/wp-load.php(50): require_once('/home4/cellvers...')
#5 /home4/cellverse/public_html/wp-blog-header.php(13): require_once('/home4/cellvers...')
#6 /home4/cellverse/public_html/index.php(17): require('/home4/cellvers...')
#7 {main}
  thrown in /home4/cellverse/public_html/wp-content/plugins/mojo-marketplace-wp-plugin/inc/plugin-nfd-compat-check.php on line 109
[16-Dec-2023 06:49:27 UTC] PHP Notice:  Function is_embed was called incorrectly. Conditional query tags do not work before the query is run. Before then, they always return false. Please see <a>Debugging in WordPress</a> for more information. (This message was added in version 3.1.0.) in /home4/cellverse/public_html/wp-includes/functions.php on line 6031
[16-Dec-2023 06:49:27 UTC] PHP Notice:  Function is_search was called incorrectly. Conditional query tags do not work before the query is run. Before then, they always return false. Please see <a>Debugging in WordPress</a> for more information. (This message was added in version 3.1.0.) in /home4/cellverse/public_html/wp-includes/functions.php on line 6031
[16-Dec-2023 06:52:11 UTC] PHP Deprecated:  Creation of dynamic property NFD_Plugin_Compat_Check::$incompatible_plugins is deprecated in /home4/cellverse/public_html/wp-content/plugins/mojo-marketplace-wp-plugin/mojo-marketplace.php on line 56
[16-Dec-2023 06:52:11 UTC] PHP Warning:  require_once(/home4/cellverse/public_html//wp-admin/includes/plugin.php): Failed to open stream: No such file or directory in /home4/cellverse/public_html/wp-content/plugins/mojo-marketplace-wp-plugin/inc/plugin-nfd-compat-check.php on line 109
[16-Dec-2023 06:52:11 UTC] PHP Fatal error:  Uncaught Error: Failed opening required '/home4/cellverse/public_html//wp-admin/includes/plugin.php' (include_path='.:/opt/cpanel/ea-php82/root/usr/share/pear') in /home4/cellverse/public_html/wp-content/plugins/mojo-marketplace-wp-plugin/inc/plugin-nfd-compat-check.php:109
Stack trace:
#0 /home4/cellverse/public_html/wp-content/plugins/mojo-marketplace-wp-plugin/inc/plugin-nfd-compat-check.php(82): NFD_Plugin_Compat_Check->check_incompatible_plugins()
#1 /home4/cellverse/public_html/wp-content/plugins/mojo-marketplace-wp-plugin/mojo-marketplace.php(63): NFD_Plugin_Compat_Check->check_plugin_requirements()
#2 /home4/cellverse/public_html/wp-settings.php(473): include_once('/home4/cellvers...')
#3 /home4/cellverse/public_html/wp-config.php(101): require_once('/home4/cellvers...')
#4 /home4/cellverse/public_html/wp-load.php(50): require_once('/home4/cellvers...')
#5 /home4/cellverse/public_html/wp-blog-header.php(13): require_once('/home4/cellvers...')
#6 /home4/cellverse/public_html/index.php(17): require('/home4/cellvers...')
#7 {main}
  thrown in /home4/cellverse/public_html/wp-content/plugins/mojo-marketplace-wp-plugin/inc/plugin-nfd-compat-check.php on line 109
[16-Dec-2023 06:52:11 UTC] PHP Notice:  Function is_embed was called incorrectly. Conditional query tags do not work before the query is run. Before then, they always return false. Please see <a>Debugging in WordPress</a> for more information. (This message was added in version 3.1.0.) in /home4/cellverse/public_html/wp-includes/functions.php on line 6031
[16-Dec-2023 06:52:11 UTC] PHP Notice:  Function is_search was called incorrectly. Conditional query tags do not work before the query is run. Before then, they always return false. Please see <a>Debugging in WordPress</a> for more information. (This message was added in version 3.1.0.) in /home4/cellverse/public_html/wp-includes/functions.php on line 6031
[16-Dec-2023 06:52:11 UTC] PHP Deprecated:  Creation of dynamic property NFD_Plugin_Compat_Check::$incompatible_plugins is deprecated in /home4/cellverse/public_html/wp-content/plugins/mojo-marketplace-wp-plugin/mojo-marketplace.php on line 56
[16-Dec-2023 06:52:11 UTC] PHP Warning:  require_once(/home4/cellverse/public_html//wp-admin/includes/plugin.php): Failed to open stream: No such file or directory in /home4/cellverse/public_html/wp-content/plugins/mojo-marketplace-wp-plugin/inc/plugin-nfd-compat-check.php on line 109
[16-Dec-2023 06:52:11 UTC] PHP Fatal error:  Uncaught Error: Failed opening required '/home4/cellverse/public_html//wp-admin/includes/plugin.php' (include_path='.:/opt/cpanel/ea-php82/root/usr/share/pear') in /home4/cellverse/public_html/wp-content/plugins/mojo-marketplace-wp-plugin/inc/plugin-nfd-compat-check.php:109
Stack trace:
#0 /home4/cellverse/public_html/wp-content/plugins/mojo-marketplace-wp-plugin/inc/plugin-nfd-compat-check.php(82): NFD_Plugin_Compat_Check->check_incompatible_plugins()
#1 /home4/cellverse/public_html/wp-content/plugins/mojo-marketplace-wp-plugin/mojo-marketplace.php(63): NFD_Plugin_Compat_Check->check_plugin_requirements()
#2 /home4/cellverse/public_html/wp-settings.php(473): include_once('/home4/cellvers...')
#3 /home4/cellverse/public_html/wp-config.php(101): require_once('/home4/cellvers...')
#4 /home4/cellverse/public_html/wp-load.php(50): require_once('/home4/cellvers...')
#5 /home4/cellverse/public_html/wp-blog-header.php(13): require_once('/home4/cellvers...')
#6 /home4/cellverse/public_html/index.php(17): require('/home4/cellvers...')
#7 {main}
  thrown in /home4/cellverse/public_html/wp-content/plugins/mojo-marketplace-wp-plugin/inc/plugin-nfd-compat-check.php on line 109
[16-Dec-2023 06:52:11 UTC] PHP Notice:  Function is_embed was called incorrectly. Conditional query tags do not work before the query is run. Before then, they always return false. Please see <a>Debugging in WordPress</a> for more information. (This message was added in version 3.1.0.) in /home4/cellverse/public_html/wp-includes/functions.php on line 6031
[16-Dec-2023 06:52:11 UTC] PHP Notice:  Function is_search was called incorrectly. Conditional query tags do not work before the query is run. Before then, they always return false. Please see <a>Debugging in WordPress</a> for more information. (This message was added in version 3.1.0.) in /home4/cellverse/public_html/wp-includes/functions.php on line 6031
[16-Dec-2023 06:52:15 UTC] PHP Deprecated:  Creation of dynamic property NFD_Plugin_Compat_Check::$incompatible_plugins is deprecated in /home4/cellverse/public_html/wp-content/plugins/mojo-marketplace-wp-plugin/mojo-marketplace.php on line 56
[16-Dec-2023 06:52:15 UTC] PHP Warning:  require_once(/home4/cellverse/public_html//wp-admin/includes/plugin.php): Failed to open stream: No such file or directory in /home4/cellverse/public_html/wp-content/plugins/mojo-marketplace-wp-plugin/inc/plugin-nfd-compat-check.php on line 109
[16-Dec-2023 06:52:15 UTC] PHP Fatal error:  Uncaught Error: Failed opening required '/home4/cellverse/public_html//wp-admin/includes/plugin.php' (include_path='.:/opt/cpanel/ea-php82/root/usr/share/pear') in /home4/cellverse/public_html/wp-content/plugins/mojo-marketplace-wp-plugin/inc/plugin-nfd-compat-check.php:109
Stack trace:
#0 /home4/cellverse/public_html/wp-content/plugins/mojo-marketplace-wp-plugin/inc/plugin-nfd-compat-check.php(82): NFD_Plugin_Compat_Check->check_incompatible_plugins()
#1 /home4/cellverse/public_html/wp-content/plugins/mojo-marketplace-wp-plugin/mojo-marketplace.php(63): NFD_Plugin_Compat_Check->check_plugin_requirements()
#2 /home4/cellverse/public_html/wp-settings.php(473): include_once('/home4/cellvers...')
#3 /home4/cellverse/public_html/wp-config.php(101): require_once('/home4/cellvers...')
#4 /home4/cellverse/public_html/wp-load.php(50): require_once('/home4/cellvers...')
#5 /home4/cellverse/public_html/wp-blog-header.php(13): require_once('/home4/cellvers...')
#6 /home4/cellverse/public_html/index.php(17): require('/home4/cellvers...')
#7 {main}
  thrown in /home4/cellverse/public_html/wp-content/plugins/mojo-marketplace-wp-plugin/inc/plugin-nfd-compat-check.php on line 109
[16-Dec-2023 06:52:15 UTC] PHP Notice:  Function is_embed was called incorrectly. Conditional query tags do not work before the query is run. Before then, they always return false. Please see <a>Debugging in WordPress</a> for more information. (This message was added in version 3.1.0.) in /home4/cellverse/public_html/wp-includes/functions.php on line 6031
[16-Dec-2023 06:52:15 UTC] PHP Notice:  Function is_search was called incorrectly. Conditional query tags do not work before the query is run. Before then, they always return false. Please see <a>Debugging in WordPress</a> for more information. (This message was added in version 3.1.0.) in /home4/cellverse/public_html/wp-includes/functions.php on line 6031
[16-Dec-2023 06:52:16 UTC] PHP Deprecated:  Creation of dynamic property NFD_Plugin_Compat_Check::$incompatible_plugins is deprecated in /home4/cellverse/public_html/wp-content/plugins/mojo-marketplace-wp-plugin/mojo-marketplace.php on line 56
[16-Dec-2023 06:52:16 UTC] PHP Warning:  require_once(/home4/cellverse/public_html//wp-admin/includes/plugin.php): Failed to open stream: No such file or directory in /home4/cellverse/public_html/wp-content/plugins/mojo-marketplace-wp-plugin/inc/plugin-nfd-compat-check.php on line 109
[16-Dec-2023 06:52:16 UTC] PHP Fatal error:  Uncaught Error: Failed opening required '/home4/cellverse/public_html//wp-admin/includes/plugin.php' (include_path='.:/opt/cpanel/ea-php82/root/usr/share/pear') in /home4/cellverse/public_html/wp-content/plugins/mojo-marketplace-wp-plugin/inc/plugin-nfd-compat-check.php:109
Stack trace:
#0 /home4/cellverse/public_html/wp-content/plugins/mojo-marketplace-wp-plugin/inc/plugin-nfd-compat-check.php(82): NFD_Plugin_Compat_Check->check_incompatible_plugins()
#1 /home4/cellverse/public_html/wp-content/plugins/mojo-marketplace-wp-plugin/mojo-marketplace.php(63): NFD_Plugin_Compat_Check->check_plugin_requirements()
#2 /home4/cellverse/public_html/wp-settings.php(473): include_once('/home4/cellvers...')
#3 /home4/cellverse/public_html/wp-config.php(101): require_once('/home4/cellvers...')
#4 /home4/cellverse/public_html/wp-load.php(50): require_once('/home4/cellvers...')
#5 /home4/cellverse/public_html/wp-blog-header.php(13): require_once('/home4/cellvers...')
#6 /home4/cellverse/public_html/index.php(17): require('/home4/cellvers...')
#7 {main}
  thrown in /home4/cellverse/public_html/wp-content/plugins/mojo-marketplace-wp-plugin/inc/plugin-nfd-compat-check.php on line 109
[16-Dec-2023 06:52:16 UTC] PHP Notice:  Function is_embed was called incorrectly. Conditional query tags do not work before the query is run. Before then, they always return false. Please see <a>Debugging in WordPress</a> for more information. (This message was added in version 3.1.0.) in /home4/cellverse/public_html/wp-includes/functions.php on line 6031
[16-Dec-2023 06:52:16 UTC] PHP Notice:  Function is_search was called incorrectly. Conditional query tags do not work before the query is run. Before then, they always return false. Please see <a>Debugging in WordPress</a> for more information. (This message was added in version 3.1.0.) in /home4/cellverse/public_html/wp-includes/functions.php on line 6031
[16-Dec-2023 06:58:10 UTC] PHP Deprecated:  Creation of dynamic property NFD_Plugin_Compat_Check::$incompatible_plugins is deprecated in /home4/cellverse/public_html/wp-content/plugins/mojo-marketplace-wp-plugin/mojo-marketplace.php on line 56
[16-Dec-2023 06:58:10 UTC] PHP Warning:  require_once(/home4/cellverse/public_html//wp-admin/includes/plugin.php): Failed to open stream: No such file or directory in /home4/cellverse/public_html/wp-content/plugins/mojo-marketplace-wp-plugin/inc/plugin-nfd-compat-check.php on line 109
[16-Dec-2023 06:58:10 UTC] PHP Fatal error:  Uncaught Error: Failed opening required '/home4/cellverse/public_html//wp-admin/includes/plugin.php' (include_path='.:/opt/cpanel/ea-php82/root/usr/share/pear') in /home4/cellverse/public_html/wp-content/plugins/mojo-marketplace-wp-plugin/inc/plugin-nfd-compat-check.php:109
Stack trace:
#0 /home4/cellverse/public_html/wp-content/plugins/mojo-marketplace-wp-plugin/inc/plugin-nfd-compat-check.php(82): NFD_Plugin_Compat_Check->check_incompatible_plugins()
#1 /home4/cellverse/public_html/wp-content/plugins/mojo-marketplace-wp-plugin/mojo-marketplace.php(63): NFD_Plugin_Compat_Check->check_plugin_requirements()
#2 /home4/cellverse/public_html/wp-settings.php(473): include_once('/home4/cellvers...')
#3 /home4/cellverse/public_html/wp-config.php(101): require_once('/home4/cellvers...')
#4 /home4/cellverse/public_html/wp-load.php(50): require_once('/home4/cellvers...')
#5 /home4/cellverse/public_html/wp-blog-header.php(13): require_once('/home4/cellvers...')
#6 /home4/cellverse/public_html/index.php(17): require('/home4/cellvers...')
#7 {main}
  thrown in /home4/cellverse/public_html/wp-content/plugins/mojo-marketplace-wp-plugin/inc/plugin-nfd-compat-check.php on line 109
[16-Dec-2023 06:58:10 UTC] PHP Deprecated:  Creation of dynamic property NFD_Plugin_Compat_Check::$incompatible_plugins is deprecated in /home4/cellverse/public_html/wp-content/plugins/mojo-marketplace-wp-plugin/mojo-marketplace.php on line 56
[16-Dec-2023 06:58:10 UTC] PHP Warning:  require_once(/home4/cellverse/public_html//wp-admin/includes/plugin.php): Failed to open stream: No such file or directory in /home4/cellverse/public_html/wp-content/plugins/mojo-marketplace-wp-plugin/inc/plugin-nfd-compat-check.php on line 109
[16-Dec-2023 06:58:10 UTC] PHP Fatal error:  Uncaught Error: Failed opening required '/home4/cellverse/public_html//wp-admin/includes/plugin.php' (include_path='.:/opt/cpanel/ea-php82/root/usr/share/pear') in /home4/cellverse/public_html/wp-content/plugins/mojo-marketplace-wp-plugin/inc/plugin-nfd-compat-check.php:109
Stack trace:
#0 /home4/cellverse/public_html/wp-content/plugins/mojo-marketplace-wp-plugin/inc/plugin-nfd-compat-check.php(82): NFD_Plugin_Compat_Check->check_incompatible_plugins()
#1 /home4/cellverse/public_html/wp-content/plugins/mojo-marketplace-wp-plugin/mojo-marketplace.php(63): NFD_Plugin_Compat_Check->check_plugin_requirements()
#2 /home4/cellverse/public_html/wp-settings.php(473): include_once('/home4/cellvers...')
#3 /home4/cellverse/public_html/wp-config.php(101): require_once('/home4/cellvers...')
#4 /home4/cellverse/public_html/wp-load.php(50): require_once('/home4/cellvers...')
#5 /home4/cellverse/public_html/wp-blog-header.php(13): require_once('/home4/cellvers...')
#6 /home4/cellverse/public_html/index.php(17): require('/home4/cellvers...')
#7 {main}
  thrown in /home4/cellverse/public_html/wp-content/plugins/mojo-marketplace-wp-plugin/inc/plugin-nfd-compat-check.php on line 109
[16-Dec-2023 07:03:38 UTC] PHP Deprecated:  Creation of dynamic property NFD_Plugin_Compat_Check::$incompatible_plugins is deprecated in /home4/cellverse/public_html/wp-content/plugins/mojo-marketplace-wp-plugin/mojo-marketplace.php on line 56
[16-Dec-2023 07:03:38 UTC] PHP Warning:  require_once(/home4/cellverse/public_html//wp-admin/includes/plugin.php): Failed to open stream: No such file or directory in /home4/cellverse/public_html/wp-content/plugins/mojo-marketplace-wp-plugin/inc/plugin-nfd-compat-check.php on line 109
[16-Dec-2023 07:03:38 UTC] PHP Fatal error:  Uncaught Error: Failed opening required '/home4/cellverse/public_html//wp-admin/includes/plugin.php' (include_path='.:/opt/cpanel/ea-php82/root/usr/share/pear') in /home4/cellverse/public_html/wp-content/plugins/mojo-marketplace-wp-plugin/inc/plugin-nfd-compat-check.php:109
Stack trace:
#0 /home4/cellverse/public_html/wp-content/plugins/mojo-marketplace-wp-plugin/inc/plugin-nfd-compat-check.php(82): NFD_Plugin_Compat_Check->check_incompatible_plugins()
#1 /home4/cellverse/public_html/wp-content/plugins/mojo-marketplace-wp-plugin/mojo-marketplace.php(63): NFD_Plugin_Compat_Check->check_plugin_requirements()
#2 /home4/cellverse/public_html/wp-settings.php(473): include_once('/home4/cellvers...')
#3 /home4/cellverse/public_html/wp-config.php(101): require_once('/home4/cellvers...')
#4 /home4/cellverse/public_html/wp-load.php(50): require_once('/home4/cellvers...')
#5 /home4/cellverse/public_html/wp-blog-header.php(13): require_once('/home4/cellvers...')
#6 /home4/cellverse/public_html/index.php(17): require('/home4/cellvers...')
#7 {main}
  thrown in /home4/cellverse/public_html/wp-content/plugins/mojo-marketplace-wp-plugin/inc/plugin-nfd-compat-check.php on line 109
[16-Dec-2023 07:03:39 UTC] PHP Deprecated:  Creation of dynamic property NFD_Plugin_Compat_Check::$incompatible_plugins is deprecated in /home4/cellverse/public_html/wp-content/plugins/mojo-marketplace-wp-plugin/mojo-marketplace.php on line 56
[16-Dec-2023 07:03:39 UTC] PHP Warning:  require_once(/home4/cellverse/public_html//wp-admin/includes/plugin.php): Failed to open stream: No such file or directory in /home4/cellverse/public_html/wp-content/plugins/mojo-marketplace-wp-plugin/inc/plugin-nfd-compat-check.php on line 109
[16-Dec-2023 07:03:39 UTC] PHP Fatal error:  Uncaught Error: Failed opening required '/home4/cellverse/public_html//wp-admin/includes/plugin.php' (include_path='.:/opt/cpanel/ea-php82/root/usr/share/pear') in /home4/cellverse/public_html/wp-content/plugins/mojo-marketplace-wp-plugin/inc/plugin-nfd-compat-check.php:109
Stack trace:
#0 /home4/cellverse/public_html/wp-content/plugins/mojo-marketplace-wp-plugin/inc/plugin-nfd-compat-check.php(82): NFD_Plugin_Compat_Check->check_incompatible_plugins()
#1 /home4/cellverse/public_html/wp-content/plugins/mojo-marketplace-wp-plugin/mojo-marketplace.php(63): NFD_Plugin_Compat_Check->check_plugin_requirements()
#2 /home4/cellverse/public_html/wp-settings.php(473): include_once('/home4/cellvers...')
#3 /home4/cellverse/public_html/wp-config.php(101): require_once('/home4/cellvers...')
#4 /home4/cellverse/public_html/wp-load.php(50): require_once('/home4/cellvers...')
#5 /home4/cellverse/public_html/wp-blog-header.php(13): require_once('/home4/cellvers...')
#6 /home4/cellverse/public_html/index.php(17): require('/home4/cellvers...')
#7 {main}
  thrown in /home4/cellverse/public_html/wp-content/plugins/mojo-marketplace-wp-plugin/inc/plugin-nfd-compat-check.php on line 109
[16-Dec-2023 07:04:36 UTC] PHP Warning:  require_once(/home4/cellverse/public_html/wp-admin/includes/class-wp-upgrader-skin.php): Failed to open stream: No such file or directory in /home4/cellverse/public_html/wp-content/plugins/wpforms-lite/src/Helpers/PluginSilentUpgraderSkin.php on line 10
[16-Dec-2023 07:04:36 UTC] PHP Fatal error:  Uncaught Error: Failed opening required '/home4/cellverse/public_html/wp-admin/includes/class-wp-upgrader-skin.php' (include_path='.:/opt/cpanel/ea-php82/root/usr/share/pear') in /home4/cellverse/public_html/wp-content/plugins/wpforms-lite/src/Helpers/PluginSilentUpgraderSkin.php:10
Stack trace:
#0 /home4/cellverse/public_html/wp-content/plugins/wpforms-lite/vendor/composer/ClassLoader.php(444): include()
#1 /home4/cellverse/public_html/wp-content/plugins/wpforms-lite/vendor/composer/ClassLoader.php(322): Composer\Autoload\includeFile('/home4/cellvers...')
#2 [internal function]: Composer\Autoload\ClassLoader->loadClass('WPForms\\Helpers...')
#3 /home4/cellverse/public_html/wp-content/plugins/wpforms-lite/includes/deprecated.php(146): class_alias('WPForms\\Helpers...', 'WPForms_Install...')
#4 /home4/cellverse/public_html/wp-content/plugins/wpforms-lite/src/WPForms.php(189): require_once('/home4/cellvers...')
#5 /home4/cellverse/public_html/wp-content/plugins/wpforms-lite/src/WPForms.php(125): WPForms\WPForms->includes()
#6 /home4/cellverse/public_html/wp-content/plugins/wpforms-lite/src/WPForms.php(422): WPForms\WPForms::instance()
#7 /home4/cellverse/public_html/wp-content/plugins/wpforms-lite/wpforms.php(285): wpforms()
#8 /home4/cellverse/public_html/wp-settings.php(473): include_once('/home4/cellvers...')
#9 /home4/cellverse/public_html/wp-config.php(101): require_once('/home4/cellvers...')
#10 /home4/cellverse/public_html/wp-load.php(50): require_once('/home4/cellvers...')
#11 /home4/cellverse/public_html/wp-blog-header.php(13): require_once('/home4/cellvers...')
#12 /home4/cellverse/public_html/index.php(17): require('/home4/cellvers...')
#13 {main}
  thrown in /home4/cellverse/public_html/wp-content/plugins/wpforms-lite/src/Helpers/PluginSilentUpgraderSkin.php on line 10
[16-Dec-2023 07:04:36 UTC] PHP Warning:  require_once(/home4/cellverse/public_html/wp-admin/includes/class-wp-upgrader-skin.php): Failed to open stream: No such file or directory in /home4/cellverse/public_html/wp-content/plugins/wpforms-lite/src/Helpers/PluginSilentUpgraderSkin.php on line 10
[16-Dec-2023 07:04:36 UTC] PHP Fatal error:  Uncaught Error: Failed opening required '/home4/cellverse/public_html/wp-admin/includes/class-wp-upgrader-skin.php' (include_path='.:/opt/cpanel/ea-php82/root/usr/share/pear') in /home4/cellverse/public_html/wp-content/plugins/wpforms-lite/src/Helpers/PluginSilentUpgraderSkin.php:10
Stack trace:
#0 /home4/cellverse/public_html/wp-content/plugins/wpforms-lite/vendor/composer/ClassLoader.php(444): include()
#1 /home4/cellverse/public_html/wp-content/plugins/wpforms-lite/vendor/composer/ClassLoader.php(322): Composer\Autoload\includeFile('/home4/cellvers...')
#2 [internal function]: Composer\Autoload\ClassLoader->loadClass('WPForms\\Helpers...')
#3 /home4/cellverse/public_html/wp-content/plugins/wpforms-lite/includes/deprecated.php(146): class_alias('WPForms\\Helpers...', 'WPForms_Install...')
#4 /home4/cellverse/public_html/wp-content/plugins/wpforms-lite/src/WPForms.php(189): require_once('/home4/cellvers...')
#5 /home4/cellverse/public_html/wp-content/plugins/wpforms-lite/src/WPForms.php(125): WPForms\WPForms->includes()
#6 /home4/cellverse/public_html/wp-content/plugins/wpforms-lite/src/WPForms.php(422): WPForms\WPForms::instance()
#7 /home4/cellverse/public_html/wp-content/plugins/wpforms-lite/wpforms.php(285): wpforms()
#8 /home4/cellverse/public_html/wp-settings.php(473): include_once('/home4/cellvers...')
#9 /home4/cellverse/public_html/wp-config.php(101): require_once('/home4/cellvers...')
#10 /home4/cellverse/public_html/wp-load.php(50): require_once('/home4/cellvers...')
#11 /home4/cellverse/public_html/wp-blog-header.php(13): require_once('/home4/cellvers...')
#12 /home4/cellverse/public_html/index.php(17): require('/home4/cellvers...')
#13 {main}
  thrown in /home4/cellverse/public_html/wp-content/plugins/wpforms-lite/src/Helpers/PluginSilentUpgraderSkin.php on line 10
[16-Dec-2023 07:05:33 UTC] PHP Deprecated:  Using ${var} in strings is deprecated, use {$var} instead in /home4/cellverse/public_html/wp-content/plugins/elementor-pro/core/editor/editor.php on line 118
[16-Dec-2023 07:05:33 UTC] PHP Deprecated:  Using ${var} in strings is deprecated, use {$var} instead in /home4/cellverse/public_html/wp-content/plugins/elementor-pro/core/editor/editor.php on line 118
[16-Dec-2023 07:05:33 UTC] PHP Warning:  require_once(/home4/cellverse/public_html/wp-admin/includes/class-wp-site-health.php): Failed to open stream: No such file or directory in /home4/cellverse/public_html/wp-settings.php on line 625
[16-Dec-2023 07:05:33 UTC] PHP Fatal error:  Uncaught Error: Failed opening required '/home4/cellverse/public_html/wp-admin/includes/class-wp-site-health.php' (include_path='.:/opt/cpanel/ea-php82/root/usr/share/pear') in /home4/cellverse/public_html/wp-settings.php:625
Stack trace:
#0 /home4/cellverse/public_html/wp-config.php(101): require_once()
#1 /home4/cellverse/public_html/wp-load.php(50): require_once('/home4/cellvers...')
#2 /home4/cellverse/public_html/wp-blog-header.php(13): require_once('/home4/cellvers...')
#3 /home4/cellverse/public_html/index.php(17): require('/home4/cellvers...')
#4 {main}
  thrown in /home4/cellverse/public_html/wp-settings.php on line 625
[16-Dec-2023 07:05:33 UTC] PHP Warning:  require_once(/home4/cellverse/public_html/wp-admin/includes/class-wp-site-health.php): Failed to open stream: No such file or directory in /home4/cellverse/public_html/wp-settings.php on line 625
[16-Dec-2023 07:05:33 UTC] PHP Fatal error:  Uncaught Error: Failed opening required '/home4/cellverse/public_html/wp-admin/includes/class-wp-site-health.php' (include_path='.:/opt/cpanel/ea-php82/root/usr/share/pear') in /home4/cellverse/public_html/wp-settings.php:625
Stack trace:
#0 /home4/cellverse/public_html/wp-config.php(101): require_once()
#1 /home4/cellverse/public_html/wp-load.php(50): require_once('/home4/cellvers...')
#2 /home4/cellverse/public_html/wp-blog-header.php(13): require_once('/home4/cellvers...')
#3 /home4/cellverse/public_html/index.php(17): require('/home4/cellvers...')
#4 {main}
  thrown in /home4/cellverse/public_html/wp-settings.php on line 625
[16-Dec-2023 07:05:36 UTC] PHP Warning:  require_once(/home4/cellverse/public_html/wp-admin/includes/class-wp-site-health.php): Failed to open stream: No such file or directory in /home4/cellverse/public_html/wp-settings.php on line 625
[16-Dec-2023 07:05:36 UTC] PHP Fatal error:  Uncaught Error: Failed opening required '/home4/cellverse/public_html/wp-admin/includes/class-wp-site-health.php' (include_path='.:/opt/cpanel/ea-php82/root/usr/share/pear') in /home4/cellverse/public_html/wp-settings.php:625
Stack trace:
#0 /home4/cellverse/public_html/wp-config.php(101): require_once()
#1 /home4/cellverse/public_html/wp-load.php(50): require_once('/home4/cellvers...')
#2 /home4/cellverse/public_html/wp-blog-header.php(13): require_once('/home4/cellvers...')
#3 /home4/cellverse/public_html/index.php(17): require('/home4/cellvers...')
#4 {main}
  thrown in /home4/cellverse/public_html/wp-settings.php on line 625
[16-Dec-2023 07:06:04 UTC] PHP Warning:  require_once(/home4/cellverse/public_html/wp-admin/includes/class-wp-site-health.php): Failed to open stream: No such file or directory in /home4/cellverse/public_html/wp-settings.php on line 625
[16-Dec-2023 07:06:04 UTC] PHP Fatal error:  Uncaught Error: Failed opening required '/home4/cellverse/public_html/wp-admin/includes/class-wp-site-health.php' (include_path='.:/opt/cpanel/ea-php82/root/usr/share/pear') in /home4/cellverse/public_html/wp-settings.php:625
Stack trace:
#0 /home4/cellverse/public_html/wp-config.php(101): require_once()
#1 /home4/cellverse/public_html/wp-load.php(50): require_once('/home4/cellvers...')
#2 /home4/cellverse/public_html/wp-blog-header.php(13): require_once('/home4/cellvers...')
#3 /home4/cellverse/public_html/index.php(17): require('/home4/cellvers...')
#4 {main}
  thrown in /home4/cellverse/public_html/wp-settings.php on line 625
[16-Dec-2023 07:06:04 UTC] PHP Warning:  require_once(/home4/cellverse/public_html/wp-admin/includes/class-wp-site-health.php): Failed to open stream: No such file or directory in /home4/cellverse/public_html/wp-settings.php on line 625
[16-Dec-2023 07:06:04 UTC] PHP Fatal error:  Uncaught Error: Failed opening required '/home4/cellverse/public_html/wp-admin/includes/class-wp-site-health.php' (include_path='.:/opt/cpanel/ea-php82/root/usr/share/pear') in /home4/cellverse/public_html/wp-settings.php:625
Stack trace:
#0 /home4/cellverse/public_html/wp-config.php(101): require_once()
#1 /home4/cellverse/public_html/wp-load.php(50): require_once('/home4/cellvers...')
#2 /home4/cellverse/public_html/wp-blog-header.php(13): require_once('/home4/cellvers...')
#3 /home4/cellverse/public_html/index.php(17): require('/home4/cellvers...')
#4 {main}
  thrown in /home4/cellverse/public_html/wp-settings.php on line 625
[16-Dec-2023 07:06:56 UTC] PHP Deprecated:  Creation of dynamic property NFD_Plugin_Compat_Check::$incompatible_plugins is deprecated in /home4/cellverse/public_html/wp-content/plugins/mojo-marketplace-wp-plugin/mojo-marketplace.php on line 56
[16-Dec-2023 07:06:56 UTC] PHP Warning:  require_once(/home4/cellverse/public_html//wp-admin/includes/plugin.php): Failed to open stream: No such file or directory in /home4/cellverse/public_html/wp-content/plugins/mojo-marketplace-wp-plugin/inc/plugin-nfd-compat-check.php on line 109
[16-Dec-2023 07:06:56 UTC] PHP Fatal error:  Uncaught Error: Failed opening required '/home4/cellverse/public_html//wp-admin/includes/plugin.php' (include_path='.:/opt/cpanel/ea-php82/root/usr/share/pear') in /home4/cellverse/public_html/wp-content/plugins/mojo-marketplace-wp-plugin/inc/plugin-nfd-compat-check.php:109
Stack trace:
#0 /home4/cellverse/public_html/wp-content/plugins/mojo-marketplace-wp-plugin/inc/plugin-nfd-compat-check.php(82): NFD_Plugin_Compat_Check->check_incompatible_plugins()
#1 /home4/cellverse/public_html/wp-content/plugins/mojo-marketplace-wp-plugin/mojo-marketplace.php(63): NFD_Plugin_Compat_Check->check_plugin_requirements()
#2 /home4/cellverse/public_html/wp-settings.php(473): include_once('/home4/cellvers...')
#3 /home4/cellverse/public_html/wp-config.php(101): require_once('/home4/cellvers...')
#4 /home4/cellverse/public_html/wp-load.php(50): require_once('/home4/cellvers...')
#5 /home4/cellverse/public_html/wp-blog-header.php(13): require_once('/home4/cellvers...')
#6 /home4/cellverse/public_html/index.php(17): require('/home4/cellvers...')
#7 {main}
  thrown in /home4/cellverse/public_html/wp-content/plugins/mojo-marketplace-wp-plugin/inc/plugin-nfd-compat-check.php on line 109
[16-Dec-2023 07:06:56 UTC] PHP Deprecated:  Creation of dynamic property NFD_Plugin_Compat_Check::$incompatible_plugins is deprecated in /home4/cellverse/public_html/wp-content/plugins/mojo-marketplace-wp-plugin/mojo-marketplace.php on line 56
[16-Dec-2023 07:06:56 UTC] PHP Warning:  require_once(/home4/cellverse/public_html//wp-admin/includes/plugin.php): Failed to open stream: No such file or directory in /home4/cellverse/public_html/wp-content/plugins/mojo-marketplace-wp-plugin/inc/plugin-nfd-compat-check.php on line 109
[16-Dec-2023 07:06:56 UTC] PHP Fatal error:  Uncaught Error: Failed opening required '/home4/cellverse/public_html//wp-admin/includes/plugin.php' (include_path='.:/opt/cpanel/ea-php82/root/usr/share/pear') in /home4/cellverse/public_html/wp-content/plugins/mojo-marketplace-wp-plugin/inc/plugin-nfd-compat-check.php:109
Stack trace:
#0 /home4/cellverse/public_html/wp-content/plugins/mojo-marketplace-wp-plugin/inc/plugin-nfd-compat-check.php(82): NFD_Plugin_Compat_Check->check_incompatible_plugins()
#1 /home4/cellverse/public_html/wp-content/plugins/mojo-marketplace-wp-plugin/mojo-marketplace.php(63): NFD_Plugin_Compat_Check->check_plugin_requirements()
#2 /home4/cellverse/public_html/wp-settings.php(473): include_once('/home4/cellvers...')
#3 /home4/cellverse/public_html/wp-config.php(101): require_once('/home4/cellvers...')
#4 /home4/cellverse/public_html/wp-load.php(50): require_once('/home4/cellvers...')
#5 /home4/cellverse/public_html/wp-blog-header.php(13): require_once('/home4/cellvers...')
#6 /home4/cellverse/public_html/index.php(17): require('/home4/cellvers...')
#7 {main}
  thrown in /home4/cellverse/public_html/wp-content/plugins/mojo-marketplace-wp-plugin/inc/plugin-nfd-compat-check.php on line 109
[16-Dec-2023 07:09:02 UTC] PHP Warning:  require_once(/home4/cellverse/public_html//wp-admin/includes/plugin.php): failed to open stream: No such file or directory in /home4/cellverse/public_html/wp-content/plugins/mojo-marketplace-wp-plugin/inc/plugin-nfd-compat-check.php on line 109
[16-Dec-2023 07:09:02 UTC] PHP Fatal error:  require_once(): Failed opening required '/home4/cellverse/public_html//wp-admin/includes/plugin.php' (include_path='.:/opt/cpanel/ea-php74/root/usr/share/pear') in /home4/cellverse/public_html/wp-content/plugins/mojo-marketplace-wp-plugin/inc/plugin-nfd-compat-check.php on line 109
[16-Dec-2023 07:09:02 UTC] PHP Warning:  require_once(/home4/cellverse/public_html//wp-admin/includes/plugin.php): failed to open stream: No such file or directory in /home4/cellverse/public_html/wp-content/plugins/mojo-marketplace-wp-plugin/inc/plugin-nfd-compat-check.php on line 109
[16-Dec-2023 07:09:02 UTC] PHP Fatal error:  require_once(): Failed opening required '/home4/cellverse/public_html//wp-admin/includes/plugin.php' (include_path='.:/opt/cpanel/ea-php74/root/usr/share/pear') in /home4/cellverse/public_html/wp-content/plugins/mojo-marketplace-wp-plugin/inc/plugin-nfd-compat-check.php on line 109
[16-Dec-2023 07:09:24 UTC] PHP Warning:  require_once(/home4/cellverse/public_html//wp-admin/includes/plugin.php): Failed to open stream: No such file or directory in /home4/cellverse/public_html/wp-content/plugins/mojo-marketplace-wp-plugin/inc/plugin-nfd-compat-check.php on line 109
[16-Dec-2023 07:09:24 UTC] PHP Fatal error:  Uncaught Error: Failed opening required '/home4/cellverse/public_html//wp-admin/includes/plugin.php' (include_path='.:/opt/cpanel/ea-php80/root/usr/share/pear') in /home4/cellverse/public_html/wp-content/plugins/mojo-marketplace-wp-plugin/inc/plugin-nfd-compat-check.php:109
Stack trace:
#0 /home4/cellverse/public_html/wp-content/plugins/mojo-marketplace-wp-plugin/inc/plugin-nfd-compat-check.php(82): NFD_Plugin_Compat_Check->check_incompatible_plugins()
#1 /home4/cellverse/public_html/wp-content/plugins/mojo-marketplace-wp-plugin/mojo-marketplace.php(63): NFD_Plugin_Compat_Check->check_plugin_requirements()
#2 /home4/cellverse/public_html/wp-settings.php(473): include_once('/home4/cellvers...')
#3 /home4/cellverse/public_html/wp-config.php(101): require_once('/home4/cellvers...')
#4 /home4/cellverse/public_html/wp-load.php(50): require_once('/home4/cellvers...')
#5 /home4/cellverse/public_html/wp-blog-header.php(13): require_once('/home4/cellvers...')
#6 /home4/cellverse/public_html/index.php(17): require('/home4/cellvers...')
#7 {main}
  thrown in /home4/cellverse/public_html/wp-content/plugins/mojo-marketplace-wp-plugin/inc/plugin-nfd-compat-check.php on line 109
[16-Dec-2023 07:09:24 UTC] PHP Warning:  require_once(/home4/cellverse/public_html//wp-admin/includes/plugin.php): Failed to open stream: No such file or directory in /home4/cellverse/public_html/wp-content/plugins/mojo-marketplace-wp-plugin/inc/plugin-nfd-compat-check.php on line 109
[16-Dec-2023 07:09:24 UTC] PHP Fatal error:  Uncaught Error: Failed opening required '/home4/cellverse/public_html//wp-admin/includes/plugin.php' (include_path='.:/opt/cpanel/ea-php80/root/usr/share/pear') in /home4/cellverse/public_html/wp-content/plugins/mojo-marketplace-wp-plugin/inc/plugin-nfd-compat-check.php:109
Stack trace:
#0 /home4/cellverse/public_html/wp-content/plugins/mojo-marketplace-wp-plugin/inc/plugin-nfd-compat-check.php(82): NFD_Plugin_Compat_Check->check_incompatible_plugins()
#1 /home4/cellverse/public_html/wp-content/plugins/mojo-marketplace-wp-plugin/mojo-marketplace.php(63): NFD_Plugin_Compat_Check->check_plugin_requirements()
#2 /home4/cellverse/public_html/wp-settings.php(473): include_once('/home4/cellvers...')
#3 /home4/cellverse/public_html/wp-config.php(101): require_once('/home4/cellvers...')
#4 /home4/cellverse/public_html/wp-load.php(50): require_once('/home4/cellvers...')
#5 /home4/cellverse/public_html/wp-blog-header.php(13): require_once('/home4/cellvers...')
#6 /home4/cellverse/public_html/index.php(17): require('/home4/cellvers...')
#7 {main}
  thrown in /home4/cellverse/public_html/wp-content/plugins/mojo-marketplace-wp-plugin/inc/plugin-nfd-compat-check.php on line 109
